\BOOKMARK [1][-]{section.1}{\376\377\000I\000n\000t\000r\000o\000d\000u\000c\000t\000i\000o\000n\000\040\000a\000n\000d\000\040\000M\000o\000t\000i\000v\000a\000t\000i\000o\000n}{}% 1
\BOOKMARK [2][-]{subsection.1.1}{\376\377\000I\000n\000t\000r\000o\000d\000u\000c\000t\000i\000o\000n}{section.1}% 2
\BOOKMARK [2][-]{subsection.1.2}{\376\377\000M\000o\000t\000i\000v\000a\000t\000i\000o\000n}{section.1}% 3
\BOOKMARK [1][-]{section.2}{\376\377\000A\000p\000p\000r\000o\000a\000c\000h}{}% 4
\BOOKMARK [1][-]{section.3}{\376\377\000D\000a\000t\000a\000s\000e\000t\000\040\000a\000n\000d\000\040\000T\000r\000a\000i\000n\000i\000n\000g\000\040\000S\000e\000t\000u\000p}{}% 5
\BOOKMARK [2][-]{subsection.3.1}{\376\377\000D\000a\000t\000a\000s\000e\000t}{section.3}% 6
\BOOKMARK [3][-]{subsubsection.3.1.1}{\376\377\000D\000a\000t\000a\000\040\000P\000r\000e\000p\000a\000r\000a\000t\000i\000o\000n}{subsection.3.1}% 7
\BOOKMARK [3][-]{subsubsection.3.1.2}{\376\377\000F\000e\000a\000t\000u\000r\000e\000\040\000S\000e\000l\000e\000c\000t\000i\000o\000n}{subsection.3.1}% 8
\BOOKMARK [2][-]{subsection.3.2}{\376\377\000E\000r\000r\000o\000r\000\040\000I\000n\000s\000e\000r\000t\000i\000o\000n}{section.3}% 9
\BOOKMARK [2][-]{subsection.3.3}{\376\377\000M\000o\000d\000e\000l\000\040\000A\000r\000c\000h\000i\000t\000e\000c\000t\000u\000r\000e}{section.3}% 10
\BOOKMARK [2][-]{subsection.3.4}{\376\377\000E\000v\000a\000l\000u\000a\000t\000i\000o\000n\000\040\000M\000e\000t\000h\000o\000d\000s}{section.3}% 11
\BOOKMARK [3][-]{subsubsection.3.4.1}{\376\377\000M\000e\000t\000r\000i\000c\000s}{subsection.3.4}% 12
\BOOKMARK [3][-]{subsubsection.3.4.2}{\376\377\000H\000o\000n\000e\000y\000w\000e\000l\000l\000\040\000F\000S\0009\0000\000\040\000S\000i\000m\000u\000l\000a\000t\000i\000o\000n}{subsection.3.4}% 13
\BOOKMARK [2][-]{subsection.3.5}{\376\377\000M\000o\000d\000e\000l\000\040\000A\000r\000c\000h\000i\000t\000e\000c\000t\000u\000r\000e\000\040\000a\000n\000d\000\040\000T\000r\000a\000i\000n\000i\000n\000g}{section.3}% 14
\BOOKMARK [1][-]{section.4}{\376\377\000R\000e\000s\000u\000l\000t\000s\000\040\000a\000n\000d\000\040\000A\000n\000a\000l\000y\000s\000i\000s}{}% 15
\BOOKMARK [1][-]{section.5}{\376\377\000L\000e\000s\000s\000o\000n\000s\000\040\000L\000e\000a\000r\000n\000e\000d}{}% 16
\BOOKMARK [1][-]{section.6}{\376\377\000C\000o\000n\000t\000r\000i\000b\000u\000t\000i\000o\000n\000s}{}% 17
\BOOKMARK [2][-]{subsection.6.1}{\376\377\000R\000e\000f\000e\000r\000e\000n\000c\000e\000s}{section.6}% 18
\BOOKMARK [1][-]{subsection.6.1}{\376\377\000R\000e\000f\000e\000r\000e\000n\000c\000e\000s}{}% 19
\BOOKMARK [2][-]{subsection.6.2}{\376\377\000R\000e\000s\000u\000l\000t\000s}{subsection.6.1}% 20
